Arguments: 
  /usr/local/bin/node /usr/local/bin/yarn add -D vurpress

PATH: 
  /Users/dajustin/.rvm/gems/ruby-2.4.5/bin:/Users/dajustin/.rvm/gems/ruby-2.4.5@global/bin:/Users/dajustin/.rvm/rubies/ruby-2.4.5/bin:/usr/local/bin:/usr/bin:/bin:/usr/sbin:/sbin:/Users/dajustin/.rvm/gems/ruby-2.4.5/bin:/Users/dajustin/.rvm/gems/ruby-2.4.5@global/bin:/Users/dajustin/.rvm/rubies/ruby-2.4.5/bin:/Users/dajustin/.rvm/bin:/Users/dajustin/.rvm/bin

Yarn version: 
  1.22.11

Node version: 
  14.17.4

Platform: 
  darwin x64

Trace: 
  Error: https://registry.yarnpkg.com/vurpress: Not found
      at Request.params.callback [as _callback] (/usr/local/lib/node_modules/yarn/lib/cli.js:66992:18)
      at Request.self.callback (/usr/local/lib/node_modules/yarn/lib/cli.js:140763:22)
      at Request.emit (events.js:400:28)
      at Request.<anonymous> (/usr/local/lib/node_modules/yarn/lib/cli.js:141735:10)
      at Request.emit (events.js:400:28)
      at IncomingMessage.<anonymous> (/usr/local/lib/node_modules/yarn/lib/cli.js:141657:12)
      at Object.onceWrapper (events.js:519:28)
      at IncomingMessage.emit (events.js:412:35)
      at endReadableNT (internal/streams/readable.js:1317:12)
      at processTicksAndRejections (internal/process/task_queues.js:82:21)

npm manifest: 
  {
    "name": "project01",
    "version": "1.0.0",
    "main": "index.js",
    "repository": "https://github.com/SmaHonda/project01.git",
    "author": "SmaHonda <86571238+SmaHonda@users.noreply.github.com>",
    "license": "MIT"
  }

yarn manifest: 
  No manifest

Lockfile: 
  No lockfile
